{
  "stats": {
    "suites": 1,
    "tests": 6,
    "passes": 6,
    "pending": 0,
    "failures": 0,
    "testsRegistered": 6,
    "passPercent": 100,
    "pendingPercent": 0,
    "other": 0,
    "hasOther": false,
    "skipped": 0,
    "hasSkipped": false,
    "start": "2024-02-01T08:30:25.829Z",
    "end": "2024-02-01T08:32:52.967Z",
    "duration": 147138
  },
  "results": [
    {
      "uuid": "6d6fefa4-bead-4235-a2b4-945273cf011d",
      "title": "",
      "fullFile": "cypress\\integration\\examples\\Scripts\\OrangeHRMTest.js",
      "file": "cypress\\integration\\examples\\Scripts\\OrangeHRMTest.js",
      "beforeHooks": [],
      "afterHooks": [],
      "tests": [],
      "suites": [
        {
          "uuid": "3f9a3e88-1cec-45b3-baf2-1dc11d8c8ff8",
          "title": "OrangeHRM Test Automation",
          "fullFile": "",
          "file": "",
          "beforeHooks": [],
          "afterHooks": [],
          "tests": [
            {
              "title": "Create Employee",
              "fullTitle": "OrangeHRM Test Automation Create Employee",
              "timedOut": null,
              "duration": 23567,
              "state": "passed",
              "speed": "slow",
              "pass": true,
              "fail": false,
              "pending": false,
              "context": "{\n  \"title\": \"cypress-mochawesome-reporter-videos-passed\",\n  \"value\": \"cypress\\\\integration\\\\examples\\\\Scripts\\\\OrangeHRMTest.js\"\n}",
              "code": "const fk = new _FakerObject.default();\ndashboardPage.verifyDashboardPage();\ndashboardPage.clickMainMenu('PIM');\npimpage.addNewEmployee(fk.firstName, fk.lastName);\ndashboardPage.clickMainMenu('PIM');\npimpage.searchEmployee(fk.firstName, fk.lastName);\npimpage.verifyEmployeeIsPresent();",
              "err": {},
              "uuid": "4672d6c2-2da2-4c54-951d-778a9184fd18",
              "parentUUID": "3f9a3e88-1cec-45b3-baf2-1dc11d8c8ff8",
              "isHook": false,
              "skipped": false
            },
            {
              "title": "Create Admin",
              "fullTitle": "OrangeHRM Test Automation Create Admin",
              "timedOut": null,
              "duration": 26046,
              "state": "passed",
              "speed": "slow",
              "pass": true,
              "fail": false,
              "pending": false,
              "context": "{\n  \"title\": \"cypress-mochawesome-reporter-videos-passed\",\n  \"value\": \"cypress\\\\integration\\\\examples\\\\Scripts\\\\OrangeHRMTest.js\"\n}",
              "code": "const fk = new _FakerObject.default();\ndashboardPage.verifyDashboardPage();\ndashboardPage.clickMainMenu('PIM');\npimpage.addNewEmployee(fk.firstName, fk.lastName);\ndashboardPage.clickMainMenu('Admin');\nadminPage.addNewAdmin(fk.firstName, fk.lastName, fk.username, fk.password, fk.role, fk.status);\nadminPage.verifyFilterTableIsDisplayed();\nadminPage.searchAdmin(fk.username);\nadminPage.verifyAdminIsPresent();",
              "err": {},
              "uuid": "a640bd39-3705-4e4e-ac57-c8f838c5625d",
              "parentUUID": "3f9a3e88-1cec-45b3-baf2-1dc11d8c8ff8",
              "isHook": false,
              "skipped": false
            },
            {
              "title": "Add Employee Personal Information",
              "fullTitle": "OrangeHRM Test Automation Add Employee Personal Information",
              "timedOut": null,
              "duration": 20234,
              "state": "passed",
              "speed": "slow",
              "pass": true,
              "fail": false,
              "pending": false,
              "context": "{\n  \"title\": \"cypress-mochawesome-reporter-videos-passed\",\n  \"value\": \"cypress\\\\integration\\\\examples\\\\Scripts\\\\OrangeHRMTest.js\"\n}",
              "code": "const fk = new _FakerObject.default();\ndashboardPage.verifyDashboardPage();\ndashboardPage.clickMainMenu('PIM');\npimpage.addNewEmployee(fk.firstName, fk.lastName);\ndashboardPage.clickMainMenu('PIM');\npimpage.searchEmployee(fk.firstName, fk.lastName);\npimpage.clickEmployee();\npimpage.addEmpPersonalInfo(fk.nationality, fk.maritalStatus, fk.dob, fk.gender);\npimpage.addEmpCustomDetails(fk.bloodType);",
              "err": {},
              "uuid": "25b867cd-b947-46e4-b79c-6d30a1de3cd5",
              "parentUUID": "3f9a3e88-1cec-45b3-baf2-1dc11d8c8ff8",
              "isHook": false,
              "skipped": false
            },
            {
              "title": "Add Employee Contact Details",
              "fullTitle": "OrangeHRM Test Automation Add Employee Contact Details",
              "timedOut": null,
              "duration": 24997,
              "state": "passed",
              "speed": "slow",
              "pass": true,
              "fail": false,
              "pending": false,
              "context": "{\n  \"title\": \"cypress-mochawesome-reporter-videos-passed\",\n  \"value\": \"cypress\\\\integration\\\\examples\\\\Scripts\\\\OrangeHRMTest.js\"\n}",
              "code": "const fk = new _FakerObject.default();\ndashboardPage.verifyDashboardPage();\ndashboardPage.clickMainMenu('PIM');\npimpage.addNewEmployee(fk.firstName, fk.lastName);\ndashboardPage.clickMainMenu('PIM');\npimpage.searchEmployee(fk.firstName, fk.lastName);\npimpage.clickEmployee();\npimpage.clickSubMenu('Contact Details');\npimpage.addEmpContactDetails(fk.street, fk.city, fk.state, fk.country, fk.zipCode, fk.mobileNumber, fk.email);",
              "err": {},
              "uuid": "f871fd15-c870-4146-8cde-082e5bd4eb65",
              "parentUUID": "3f9a3e88-1cec-45b3-baf2-1dc11d8c8ff8",
              "isHook": false,
              "skipped": false
            },
            {
              "title": "Add Employee Job Details",
              "fullTitle": "OrangeHRM Test Automation Add Employee Job Details",
              "timedOut": null,
              "duration": 23017,
              "state": "passed",
              "speed": "slow",
              "pass": true,
              "fail": false,
              "pending": false,
              "context": "{\n  \"title\": \"cypress-mochawesome-reporter-videos-passed\",\n  \"value\": \"cypress\\\\integration\\\\examples\\\\Scripts\\\\OrangeHRMTest.js\"\n}",
              "code": "const fk = new _FakerObject.default();\ndashboardPage.verifyDashboardPage();\ndashboardPage.clickMainMenu('PIM');\npimpage.addNewEmployee(fk.firstName, fk.lastName);\ndashboardPage.clickMainMenu('PIM');\npimpage.searchEmployee(fk.firstName, fk.lastName);\npimpage.clickEmployee();\npimpage.clickSubMenu('Job');\npimpage.addEmpJobDetails(fk.joinedDate);",
              "err": {},
              "uuid": "fadada56-96c8-4574-a99d-9e1082696d12",
              "parentUUID": "3f9a3e88-1cec-45b3-baf2-1dc11d8c8ff8",
              "isHook": false,
              "skipped": false
            },
            {
              "title": "Assign Leave to employee",
              "fullTitle": "OrangeHRM Test Automation Assign Leave to employee",
              "timedOut": null,
              "duration": 20597,
              "state": "passed",
              "speed": "slow",
              "pass": true,
              "fail": false,
              "pending": false,
              "context": "{\n  \"title\": \"cypress-mochawesome-reporter-videos-passed\",\n  \"value\": \"cypress\\\\integration\\\\examples\\\\Scripts\\\\OrangeHRMTest.js\"\n}",
              "code": "const fk = new _FakerObject.default();\ndashboardPage.verifyDashboardPage();\ndashboardPage.clickMainMenu('PIM');\npimpage.addNewEmployee(fk.firstName, fk.lastName);\ndashboardPage.clickMainMenu('Leave');\nleavePage.clickMoreBtn();\nleavePage.clickSubMenu('Assign Leave');\nleavePage.assignLeaveToEmp(fk.firstName, fk.lastName, fk.leaveType, fk.leaveDate, fk.leaveDuration);",
              "err": {},
              "uuid": "87fdba39-186d-47ed-b903-7278614c3072",
              "parentUUID": "3f9a3e88-1cec-45b3-baf2-1dc11d8c8ff8",
              "isHook": false,
              "skipped": false
            }
          ],
          "suites": [],
          "passes": [
            "4672d6c2-2da2-4c54-951d-778a9184fd18",
            "a640bd39-3705-4e4e-ac57-c8f838c5625d",
            "25b867cd-b947-46e4-b79c-6d30a1de3cd5",
            "f871fd15-c870-4146-8cde-082e5bd4eb65",
            "fadada56-96c8-4574-a99d-9e1082696d12",
            "87fdba39-186d-47ed-b903-7278614c3072"
          ],
          "failures": [],
          "pending": [],
          "skipped": [],
          "duration": 138458,
          "root": false,
          "rootEmpty": false,
          "_timeout": 2000
        }
      ],
      "passes": [],
      "failures": [],
      "pending": [],
      "skipped": [],
      "duration": 0,
      "root": true,
      "rootEmpty": true,
      "_timeout": 2000
    }
  ],
  "meta": {
    "mocha": {
      "version": "7.0.1"
    },
    "mochawesome": {
      "options": {
        "quiet": false,
        "reportFilename": "mochawesome",
        "saveHtml": false,
        "saveJson": true,
        "consoleReporter": "spec",
        "useInlineDiffs": false,
        "code": true
      },
      "version": "7.1.3"
    },
    "marge": {
      "options": {
        "id": "default",
        "reportDir": "cypress/reports/mocha",
        "quite": true,
        "overwrite": false,
        "html": false,
        "json": true
      },
      "version": "6.2.0"
    }
  }
}